{"date":"2024-03-14T23:07:32.035Z","url":"/signin","method":"POST"}
{"date":"2024-03-14T23:07:37.462Z","url":"/signout","method":"POST"}
{"date":"2024-03-16T15:31:38.932Z","url":"/img/question.png","method":"GET"}
{"date":"2024-03-16T15:33:09.809Z","url":"/signin","method":"POST"}
{"date":"2024-03-16T15:33:13.184Z","url":"/signout","method":"POST"}
{"date":"2024-04-10T02:43:27.436Z","url":"/signup","method":"POST"}
{"date":"2024-04-10T02:57:25.989Z","url":"/signup","method":"POST"}
{"date":"2024-04-10T03:01:49.680Z","url":"/Account/Register","method":"GET"}
{"date":"2024-04-10T03:02:10.094Z","url":"/signup","method":"POST"}
{"date":"2024-04-10T03:07:48.035Z","url":"/signup","method":"POST"}
{"date":"2024-04-10T03:08:19.885Z","url":"/signup","method":"POST"}
{"date":"2024-04-10T03:08:24.073Z","url":"/signup","method":"POST"}
{"date":"2024-04-10T03:25:33.694Z","url":"/Account/Register","method":"GET"}
{"date":"2024-04-10T03:25:59.249Z","url":"/signup","method":"POST"}
{"date":"2024-04-10T03:29:14.871Z","url":"/signout","method":"POST"}
{"date":"2024-04-10T03:29:27.455Z","url":"/signin","method":"POST"}
{"date":"2024-04-10T03:29:32.964Z","url":"/signout","method":"POST"}
{"date":"2024-04-10T03:29:42.168Z","url":"/signin","method":"POST"}
{"date":"2024-04-10T03:36:00.187Z","url":"/Home","method":"GET"}
{"date":"2024-04-10T03:36:21.261Z","url":"/signup","method":"POST"}
{"date":"2024-04-10T03:36:50.769Z","url":"/signout","method":"POST"}
{"date":"2024-04-10T03:37:11.405Z","url":"/signup","method":"POST"}
{"date":"2024-04-10T05:04:30.554Z","url":"/signin","method":"POST"}
{"date":"2024-04-10T05:04:40.816Z","url":"/signin","method":"POST"}
{"date":"2024-04-10T05:05:10.335Z","url":"/signout","method":"POST"}
{"date":"2024-04-10T05:09:48.177Z","url":"/signin","method":"POST"}
{"date":"2024-04-10T05:16:22.246Z","url":"/Member/Posts","method":"GET"}
{"date":"2024-04-10T05:16:45.439Z","url":"/signin","method":"POST"}
{"date":"2024-04-10T05:16:57.162Z","url":"/signin","method":"POST"}
{"date":"2024-04-10T05:17:07.823Z","url":"/signin","method":"POST"}
{"date":"2024-04-10T06:01:42.919Z","url":"/signin","method":"POST"}
{"date":"2024-04-10T07:00:19.114Z","url":"/signin","method":"POST"}
{"date":"2024-04-10T07:00:29.260Z","url":"/addTransaction","method":"POST"}
{"date":"2024-04-10T07:01:14.627Z","url":"/css/bootstrap.min.css.map","method":"GET"}
{"date":"2024-04-10T07:05:53.766Z","url":"/signin","method":"POST"}
{"date":"2024-04-10T07:06:07.576Z","url":"/addTransaction","method":"POST"}
{"date":"2024-04-10T07:06:07.661Z","url":"/getTransactions?email=this@time.com","method":"GET"}
{"date":"2024-04-10T07:08:15.339Z","url":"/addTransaction","method":"POST"}
{"date":"2024-04-10T07:08:15.417Z","url":"/getTransactions?email=this@time.com","method":"GET"}
{"date":"2024-04-10T07:09:12.170Z","url":"/signin","method":"POST"}
{"date":"2024-04-10T07:10:02.952Z","url":"/signin","method":"POST"}
{"date":"2024-04-10T07:10:03.062Z","url":"/getTransactions?email=this@time.com","method":"GET"}
{"date":"2024-04-10T07:10:07.176Z","url":"/signout","method":"POST"}
{"date":"2024-04-10T07:10:25.291Z","url":"/signup","method":"POST"}
{"date":"2024-04-10T07:11:20.847Z","url":"/signin","method":"POST"}
{"date":"2024-04-10T07:11:20.991Z","url":"/getTransactions?email=alex","method":"GET"}
{"date":"2024-04-10T07:12:10.215Z","url":"/signout","method":"POST"}
{"date":"2024-04-10T07:12:24.088Z","url":"/signin","method":"POST"}
{"date":"2024-04-10T07:12:24.191Z","url":"/getTransactions?email=this@time.com","method":"GET"}
{"date":"2024-04-10T07:12:27.824Z","url":"/signout","method":"POST"}
{"date":"2024-04-10T07:12:39.285Z","url":"/signup","method":"POST"}
{"date":"2024-04-10T07:14:27.050Z","url":"/signout","method":"POST"}
{"date":"2024-04-10T07:14:42.207Z","url":"/signup","method":"POST"}
{"date":"2024-04-10T07:15:03.137Z","url":"/signin","method":"POST"}
{"date":"2024-04-10T07:15:03.229Z","url":"/getTransactions?email=this@time.com","method":"GET"}
{"date":"2024-04-10T07:15:05.413Z","url":"/signout","method":"POST"}
{"date":"2024-04-10T07:15:17.776Z","url":"/signin","method":"POST"}
{"date":"2024-04-10T07:15:17.869Z","url":"/getTransactions?email=alex","method":"GET"}
{"date":"2024-04-10T07:15:21.616Z","url":"/signout","method":"POST"}
{"date":"2024-04-10T07:15:31.221Z","url":"/signin","method":"POST"}
{"date":"2024-04-10T07:15:31.310Z","url":"/getTransactions?email=this@time.com","method":"GET"}
{"date":"2024-04-10T07:15:45.927Z","url":"/signout","method":"POST"}
{"date":"2024-04-10T07:15:59.810Z","url":"/signup","method":"POST"}
{"date":"2024-04-10T07:16:26.153Z","url":"/addTransaction","method":"POST"}
{"date":"2024-04-10T07:16:26.183Z","url":"/getTransactions?email=undefined","method":"GET"}
{"date":"2024-04-10T07:21:29.199Z","url":"/signout","method":"POST"}
{"date":"2024-04-10T07:21:38.665Z","url":"/signin","method":"POST"}
{"date":"2024-04-10T07:21:38.764Z","url":"/getTransactions?email=this@time.com","method":"GET"}
{"date":"2024-04-10T07:22:12.722Z","url":"/addTransaction","method":"POST"}
{"date":"2024-04-10T07:22:12.735Z","url":"/getTransactions?email=this@time.com","method":"GET"}
{"date":"2024-04-10T07:22:22.516Z","url":"/signout","method":"POST"}
{"date":"2024-04-10T07:22:34.667Z","url":"/signup","method":"POST"}
{"date":"2024-04-10T07:22:44.879Z","url":"/addTransaction","method":"POST"}
{"date":"2024-04-10T07:22:44.987Z","url":"/getTransactions?email=undefined","method":"GET"}
{"date":"2024-04-10T07:24:01.066Z","url":"/signout","method":"POST"}
{"date":"2024-04-10T07:24:20.712Z","url":"/signin","method":"POST"}
{"date":"2024-04-10T07:24:20.841Z","url":"/getTransactions?email=test@test.com","method":"GET"}
{"date":"2024-04-10T07:24:25.975Z","url":"/addTransaction","method":"POST"}
{"date":"2024-04-10T07:24:25.996Z","url":"/getTransactions?email=test@test.com","method":"GET"}
{"date":"2024-04-10T07:24:43.327Z","url":"/signout","method":"POST"}
{"date":"2024-04-10T07:24:57.111Z","url":"/signup","method":"POST"}
{"date":"2024-04-10T07:25:02.020Z","url":"/addTransaction","method":"POST"}
{"date":"2024-04-10T07:25:02.033Z","url":"/getTransactions?email=alex@test.com","method":"GET"}
{"date":"2024-04-10T07:25:15.075Z","url":"/signout","method":"POST"}
{"date":"2024-04-10T07:25:26.640Z","url":"/signin","method":"POST"}
{"date":"2024-04-10T07:25:26.770Z","url":"/getTransactions?email=alex@test.com","method":"GET"}
{"date":"2024-04-10T07:25:31.557Z","url":"/signout","method":"POST"}
{"date":"2024-04-10T07:25:39.926Z","url":"/signin","method":"POST"}
{"date":"2024-04-10T07:25:40.071Z","url":"/getTransactions?email=this@time.com","method":"GET"}
